[2019-07-10T12:59:39.109] [DEBUG] handler - enter query function ...
[2019-07-10T13:00:29.380] [DEBUG] handler - enter query function ...
[2019-07-10T13:00:29.383] [INFO] handler - query data with txid:  17d0b2d80cc2e5386e9b34a36991c9d9c1dbc0bbe2baf6e0524939bcc3dd6f1d
[2019-07-10T13:00:29.563] [INFO] handler - sdk.query result:  <Buffer 7b 22 74 72 61 63 6b 49 64 22 3a 22 22 2c 22 72 65 73 53 74 61 74 75 73 22 3a 7b 22 73 74 61 74 75 73 43 6f 64 65 22 3a 30 2c 22 73 74 61 74 75 73 4d ... >
[2019-07-10T13:02:34.814] [DEBUG] handler - enter query function ...
[2019-07-10T13:02:34.816] [INFO] handler - query data with txid:  17d0b2d80cc2e5386e9b34a36991c9d9c1dbc0bbe2baf6e0524939bcc3dd6f1d
[2019-07-10T13:02:34.938] [INFO] handler - sdk.query result:  <Buffer 7b 22 74 72 61 63 6b 49 64 22 3a 22 22 2c 22 72 65 73 53 74 61 74 75 73 22 3a 7b 22 73 74 61 74 75 73 43 6f 64 65 22 3a 30 2c 22 73 74 61 74 75 73 4d ... >
[2019-07-10T13:03:21.579] [DEBUG] handler - enter query function ...
[2019-07-10T13:03:21.584] [INFO] handler - query data with txid:  17d0b2d80cc2e5386e9b34a36991c9d9c1dbc0bbe2baf6e0524939bcc3dd6f1d
[2019-07-10T13:03:21.697] [INFO] handler - sdk.query result:  <Buffer 7b 22 74 72 61 63 6b 49 64 22 3a 22 22 2c 22 72 65 73 53 74 61 74 75 73 22 3a 7b 22 73 74 61 74 75 73 43 6f 64 65 22 3a 30 2c 22 73 74 61 74 75 73 4d ... >
[2019-07-10T13:04:00.971] [DEBUG] handler - enter query function ...
[2019-07-10T13:04:00.984] [INFO] handler - query data with txid:  17d0b2d80cc2e5386e9b34a36991c9d9c1dbc0bbe2baf6e0524939bcc3dd6f1d
[2019-07-10T13:04:01.157] [INFO] handler - sdk.query result:  <Buffer 7b 22 74 72 61 63 6b 49 64 22 3a 22 22 2c 22 72 65 73 53 74 61 74 75 73 22 3a 7b 22 73 74 61 74 75 73 43 6f 64 65 22 3a 30 2c 22 73 74 61 74 75 73 4d ... >
[2019-07-10T13:04:26.450] [DEBUG] handler - enter query function ...
[2019-07-10T13:04:26.468] [INFO] handler - query data with txid:  17d0b2d80cc2e5386e9b34a36991c9d9c1dbc0bbe2baf6e0524939bcc3dd6f1d
[2019-07-10T13:04:26.592] [INFO] handler - sdk.query result:  <Buffer 7b 22 74 72 61 63 6b 49 64 22 3a 22 22 2c 22 72 65 73 53 74 61 74 75 73 22 3a 7b 22 73 74 61 74 75 73 43 6f 64 65 22 3a 30 2c 22 73 74 61 74 75 73 4d ... >
[2019-07-10T13:05:00.035] [DEBUG] handler - enter query function ...
[2019-07-10T13:05:00.058] [INFO] handler - query data with txid:  17d0b2d80cc2e5386e9b34a36991c9d9c1dbc0bbe2baf6e0524939bcc3dd6f1d
[2019-07-10T13:05:00.176] [INFO] handler - sdk.query result:  <Buffer 7b 22 74 72 61 63 6b 49 64 22 3a 22 22 2c 22 72 65 73 53 74 61 74 75 73 22 3a 7b 22 73 74 61 74 75 73 43 6f 64 65 22 3a 30 2c 22 73 74 61 74 75 73 4d ... >
[2019-07-10T13:06:12.752] [DEBUG] handler - enter query function ...
[2019-07-10T13:06:12.761] [INFO] handler - query data with txid:  17d0b2d80cc2e5386e9b34a36991c9d9c1dbc0bbe2baf6e0524939bcc3dd6f1d
[2019-07-10T13:06:12.911] [INFO] handler - sdk.query result:  <Buffer 7b 22 74 72 61 63 6b 49 64 22 3a 22 22 2c 22 72 65 73 53 74 61 74 75 73 22 3a 7b 22 73 74 61 74 75 73 43 6f 64 65 22 3a 30 2c 22 73 74 61 74 75 73 4d ... >
[2019-07-10T13:08:01.232] [DEBUG] handler - enter query function ...
[2019-07-10T13:08:01.252] [INFO] handler - query data with txid:  17d0b2d80cc2e5386e9b34a36991c9d9c1dbc0bbe2baf6e0524939bcc3dd6f1d
[2019-07-10T13:08:01.397] [INFO] handler - sdk.query result:  <Buffer 7b 22 74 72 61 63 6b 49 64 22 3a 22 22 2c 22 72 65 73 53 74 61 74 75 73 22 3a 7b 22 73 74 61 74 75 73 43 6f 64 65 22 3a 30 2c 22 73 74 61 74 75 73 4d ... >
[2019-07-10T13:08:47.478] [DEBUG] handler - enter query function ...
[2019-07-10T13:08:47.495] [INFO] handler - query data with txid:  17d0b2d80cc2e5386e9b34a36991c9d9c1dbc0bbe2baf6e0524939bcc3dd6f1d
[2019-07-10T13:08:47.658] [INFO] handler - sdk.query result:  <Buffer 7b 22 74 72 61 63 6b 49 64 22 3a 22 22 2c 22 72 65 73 53 74 61 74 75 73 22 3a 7b 22 73 74 61 74 75 73 43 6f 64 65 22 3a 30 2c 22 73 74 61 74 75 73 4d ... >
[2019-07-10T13:09:44.458] [DEBUG] handler - enter query function ...
[2019-07-10T13:09:44.479] [INFO] handler - query data with txid:  17d0b2d80cc2e5386e9b34a36991c9d9c1dbc0bbe2baf6e0524939bcc3dd6f1d
[2019-07-10T13:09:44.626] [INFO] handler - sdk.query result:  <Buffer 7b 22 74 72 61 63 6b 49 64 22 3a 22 22 2c 22 72 65 73 53 74 61 74 75 73 22 3a 7b 22 73 74 61 74 75 73 43 6f 64 65 22 3a 30 2c 22 73 74 61 74 75 73 4d ... >
