[2019-07-10T13:28:26.294] [DEBUG] handler - enter query function ...
[2019-07-10T13:28:26.306] [INFO] handler - query data with txid:  17d0b2d80cc2e5386e9b34a36991c9d9c1dbc0bbe2baf6e0524939bcc3dd6f1d
[2019-07-10T13:28:26.322] [INFO] sdk - query funcion: QueryDataByFabricTxId and query parameters: [ '17d0b2d80cc2e5386e9b34a36991c9d9c1dbc0bbe2baf6e0524939bcc3dd6f1d' ]
[2019-07-10T13:28:26.329] [INFO] sdk - Assigning transaction_id : fda1ee205055fe90c4149647db34557ea2f85bdb297f6bef5281848b18eede29
[2019-07-10T13:28:26.330] [INFO] sdk - query request: { chaincodeId: 'mycc',
  txId: 
   TransactionID {
     _nonce: <Buffer fd 61 21 34 5c ae 16 9b 35 2b 85 c4 bc 7e 9e 42 cf 92 dc 0c cb 19 d5 da>,
     _transaction_id: 'fda1ee205055fe90c4149647db34557ea2f85bdb297f6bef5281848b18eede29',
     _admin: false },
  fcn: 'QueryDataByFabricTxId',
  args: 
   [ '17d0b2d80cc2e5386e9b34a36991c9d9c1dbc0bbe2baf6e0524939bcc3dd6f1d' ] }
[2019-07-10T13:28:26.462] [INFO] sdk - returned from query:  [ <Buffer 7b 22 74 72 61 63 6b 49 64 22 3a 22 22 2c 22 72 65 73 53 74 61 74 75 73 22 3a 7b 22 73 74 61 74 75 73 43 6f 64 65 22 3a 30 2c 22 73 74 61 74 75 73 4d ... > ]
[2019-07-10T13:28:26.463] [INFO] handler - sdk.query result:  {"trackId":"","resStatus":{"statusCode":0,"statusMsg":""},"page":{"currentPage":0,"pageSize":0,"totalRecords":0},"payload":[""]}
[2019-07-10T13:28:26.464] [INFO] handler - query result is null
[2019-07-10T13:52:32.172] [DEBUG] handler - enter savedata function ...
[2019-07-10T13:52:32.177] [INFO] handler - request body:  [ { createBy: 'createBy',
    createTime: 123456,
    sender: 'sender',
    receiver: [ 'receiver' ],
    txData: 'txData',
    attachmentList: [],
    lastUpdateTime: 123,
    lastUpdateBy: 'lastUpdateBy',
    cryptoFlag: 5,
    cryptoAlgorithm: 'cryptoAlgorithm',
    docType: 'docType',
    fabricTxId: 'fabricTxId',
    businessNo: 'businessNo',
    expand1: 'expand1',
    expand2: 'expand2',
    test: 'test',
    dataVersion: 'dataVersion' } ]
[2019-07-10T13:52:32.304] [DEBUG] sdk - transaction proposal was good
[2019-07-10T13:52:32.305] [INFO] sdk - Successfully sent Proposal and received ProposalResponse: Status - 200, message - OK, metadata - 
[2019-07-10T13:52:32.355] [INFO] handler - sdk.invoke response:  899d722d24e2155b2114463b83af99a894ec4a645045986983fb40984c2ab589
[2019-07-10T16:12:16.620] [DEBUG] handler - enter savedata function ...
[2019-07-10T16:12:16.645] [INFO] handler - request body:  [ { createBy: 'createBy',
    createTime: 123456,
    sender: 'sender',
    receiver: [ 'receiver' ],
    txData: 'txData',
    attachmentList: [],
    lastUpdateTime: 123,
    lastUpdateBy: 'lastUpdateBy',
    cryptoFlag: 5,
    cryptoAlgorithm: 'cryptoAlgorithm',
    docType: 'docType',
    fabricTxId: 'fabricTxId',
    businessNo: 'businessNo',
    expand1: 'expand1',
    expand2: 'expand2',
    test: 'test',
    dataVersion: 'dataVersion' } ]
[2019-07-10T16:12:16.900] [DEBUG] sdk - transaction proposal was good
[2019-07-10T16:12:16.900] [INFO] sdk - Successfully sent Proposal and received ProposalResponse: Status - 200, message - OK, metadata - 
[2019-07-10T16:12:16.963] [INFO] handler - sdk.invoke response:  0dfd307f058ed76c87e822c585460a75d86196deeb7615c21dcdcd36c2feaa2c
[2019-07-10T16:23:04.567] [DEBUG] handler - enter savedata function ...
[2019-07-10T16:23:04.569] [INFO] handler - request body:  [ { createBy: 'createBy',
    createTime: 123456,
    sender: 'sender',
    receiver: [ 'receiver' ],
    txData: 'txData',
    attachmentList: [],
    lastUpdateTime: 123,
    lastUpdateBy: 'lastUpdateBy',
    cryptoFlag: 5,
    cryptoAlgorithm: 'cryptoAlgorithm',
    docType: 'docType',
    fabricTxId: 'fabricTxId',
    businessNo: 'businessNo',
    expand1: 'expand1',
    expand2: 'expand2',
    test: 'test',
    dataVersion: 'dataVersion' } ]
[2019-07-10T16:23:04.615] [DEBUG] sdk - transaction proposal was good
[2019-07-10T16:23:04.616] [INFO] sdk - Successfully sent Proposal and received ProposalResponse: Status - 200, message - OK, metadata - 
[2019-07-10T16:23:04.669] [INFO] handler - sdk.invoke response:  7219080999d5f88af2c724c96bd5d02aeadaaa7c9117adf933660b6d96da1e9e
